<?xml version="1.0" encoding="UTF-8"?>
<testsuite name="SILab2Test" tests="1" skipped="0" failures="0" errors="0" timestamp="2024-05-21T19:06:11" hostname="DESKTOP-3VD8IN9" time="0.024">
  <properties/>
  <testcase name="testMultipleCondition()" classname="SILab2Test" time="0.024"/>
  <system-out><![CDATA[]]></system-out>
  <system-err><![CDATA[]]></system-err>
</testsuite>
